<?xml version="1.0" encoding="UTF-8"?>
<testsuite xmlns:xsi="http://www.w3.org/2001/XMLSchema-instance" xsi:noNamespaceSchemaLocation="https://maven.apache.org/surefire/maven-surefire-plugin/xsd/surefire-test-report-3.0.xsd" version="3.0" name="com.metamadbooks.unity.parser.UnityParserTest" time="0.444" tests="41" errors="0" skipped="0" failures="0">
  <properties>
[...]
</properties>
  <testcase name="testBooleanContent" classname="com.metamadbooks.unity.parser.UnityParserTest" time="0.312"/>
  <testcase name="testUnicodeEscapeInElementName" classname="com.metamadbooks.unity.parser.UnityParserTest" time="0.002"/>
  <testcase name="testElementWithTextContent" classname="com.metamadbooks.unity.parser.UnityParserTest" time="0.001"/>
  <testcase name="testEmptyArray" classname="com.metamadbooks.unity.parser.UnityParserTest" time="0.005"/>
  <testcase name="testElementWithNamespaceDeclaration" classname="com.metamadbooks.unity.parser.UnityParserTest" time="0.007"/>
  <testcase name="testTopLevelNumber" classname="com.metamadbooks.unity.parser.UnityParserTest" time="0.002"/>
  <testcase name="testTopLevelObject" classname="com.metamadbooks.unity.parser.UnityParserTest" time="0.002"/>
  <testcase name="testNestedElement" classname="com.metamadbooks.unity.parser.UnityParserTest" time="0.001"/>
  <testcase name="testEmptyAttributesObject" classname="com.metamadbooks.unity.parser.UnityParserTest" time="0.001"/>
  <testcase name="testElementWithUnderscore" classname="com.metamadbooks.unity.parser.UnityParserTest" time="0.002"/>
  <testcase name="testTopLevelString" classname="com.metamadbooks.unity.parser.UnityParserTest" time="0.002"/>
  <testcase name="testAttributesAtWrongPosition" classname="com.metamadbooks.unity.parser.UnityParserTest" time="0.005"/>
  <testcase name="testElementNameWithSpace" classname="com.metamadbooks.unity.parser.UnityParserTest" time="0.011"/>
  <testcase name="testAttributeNameWithSpace" classname="com.metamadbooks.unity.parser.UnityParserTest" time="0.002"/>
  <testcase name="testElementWithDot" classname="com.metamadbooks.unity.parser.UnityParserTest" time="0.001"/>
  <testcase name="testMixedContent" classname="com.metamadbooks.unity.parser.UnityParserTest" time="0.001"/>
  <testcase name="testAttributeNameStartsWithDigit" classname="com.metamadbooks.unity.parser.UnityParserTest" time="0.002"/>
  <testcase name="testErrorLineAndColumn" classname="com.metamadbooks.unity.parser.UnityParserTest" time="0.003"/>
  <testcase name="testMultipleErrors" classname="com.metamadbooks.unity.parser.UnityParserTest" time="0.001"/>
  <testcase name="testElementWithHyphen" classname="com.metamadbooks.unity.parser.UnityParserTest" time="0.001"/>
  <testcase name="testNegativeNumberAttribute" classname="com.metamadbooks.unity.parser.UnityParserTest" time="0.001"/>
  <testcase name="testScientificNotationAttribute" classname="com.metamadbooks.unity.parser.UnityParserTest" time="0.001"/>
  <testcase name="testFloatAttributeValue" classname="com.metamadbooks.unity.parser.UnityParserTest" time="0.001"/>
  <testcase name="testWhitespaceHandling" classname="com.metamadbooks.unity.parser.UnityParserTest" time="0.001"/>
  <testcase name="testUnicodeElementName" classname="com.metamadbooks.unity.parser.UnityParserTest" time="0.001"/>
  <testcase name="testEmptyElementName" classname="com.metamadbooks.unity.parser.UnityParserTest" time="0.001"/>
  <testcase name="testElementNameStartingWithDot" classname="com.metamadbooks.unity.parser.UnityParserTest" time="0.0"/>
  <testcase name="testElementNameStartsWithDigit" classname="com.metamadbooks.unity.parser.UnityParserTest" time="0.001"/>
  <testcase name="testElementWithAttributes" classname="com.metamadbooks.unity.parser.UnityParserTest" time="0.0"/>
  <testcase name="testMultipleNestedLevels" classname="com.metamadbooks.unity.parser.UnityParserTest" time="0.0"/>
  <testcase name="testNumericContent" classname="com.metamadbooks.unity.parser.UnityParserTest" time="0.0"/>
  <testcase name="testElementNameStartingWithHyphen" classname="com.metamadbooks.unity.parser.UnityParserTest" time="0.001"/>
  <testcase name="testElementWithAttributesAndContent" classname="com.metamadbooks.unity.parser.UnityParserTest" time="0.0"/>
  <testcase name="testElementNameStartingWithColon" classname="com.metamadbooks.unity.parser.UnityParserTest" time="0.001"/>
  <testcase name="testEscapedCharactersInContent" classname="com.metamadbooks.unity.parser.UnityParserTest" time="0.001"/>
  <testcase name="testNewlinesInDocument" classname="com.metamadbooks.unity.parser.UnityParserTest" time="0.0"/>
  <testcase name="testEmptyElementWithTags" classname="com.metamadbooks.unity.parser.UnityParserTest" time="0.001"/>
  <testcase name="testSelfClosingElement" classname="com.metamadbooks.unity.parser.UnityParserTest" time="0.001"/>
  <testcase name="testElementWithMixedAttributes" classname="com.metamadbooks.unity.parser.UnityParserTest" time="0.001"/>
  <testcase name="testNamespacedElement" classname="com.metamadbooks.unity.parser.UnityParserTest" time="0.0"/>
  <testcase name="testNullContent" classname="com.metamadbooks.unity.parser.UnityParserTest" time="0.001"/>
</testsuite>